<?xml version="1.0" encoding="UTF-8"?>
<!-- Generated by org.testng.reporters.JUnitReportReporter -->
<testsuite hostname="BiswaranjanD-PC" name="com.loylty.mobileautomation.testcases.Boi_Test" tests="1" failures="0" timestamp="5 Feb 2018 06:26:53 GMT" time="138.335" errors="0">
  <testcase name="forgotpassword_BOI" time="138.335" classname="com.loylty.mobileautomation.testcases.Boi_Test"/>
</testsuite> <!-- com.loylty.mobileautomation.testcases.Boi_Test -->
