<?xml version="1.0" encoding="UTF-8"?>
<!-- Generated by org.testng.reporters.JUnitReportReporter -->
<testsuite hostname="BiswaranjanD-PC" name="com.loylty.mobileautomation.testcases.Idbi_Test" tests="1" failures="0" timestamp="5 Feb 2018 06:26:53 GMT" time="155.982" errors="0">
  <testcase name="forgotpassword_IDBI" time="155.982" classname="com.loylty.mobileautomation.testcases.Idbi_Test"/>
</testsuite> <!-- com.loylty.mobileautomation.testcases.Idbi_Test -->
