<?xml version="1.0" encoding="UTF-8"?>
<!-- Generated by org.testng.reporters.JUnitReportReporter -->
<testsuite hostname="BiswaranjanD-PC" name="com.loylty.mobileautomation.testcases.Tmb_Test" tests="1" failures="0" timestamp="23 Feb 2018 07:49:39 GMT" time="168.963" errors="0">
  <testcase name="forgotpassword_TMB" time="168.963" classname="com.loylty.mobileautomation.testcases.Tmb_Test"/>
</testsuite> <!-- com.loylty.mobileautomation.testcases.Tmb_Test -->
