<?xml version="1.0" encoding="UTF-8"?>
<!-- Generated by org.testng.reporters.JUnitReportReporter -->
<testsuite hostname="BiswaranjanD-PC" name="com.loylty.mobileautomation.testcases.Corp_Test" tests="1" failures="0" timestamp="2 Feb 2018 09:24:44 GMT" time="213.896" errors="0">
  <testcase name="forgotuserId_CORP" time="213.896" classname="com.loylty.mobileautomation.testcases.Corp_Test"/>
</testsuite> <!-- com.loylty.mobileautomation.testcases.Corp_Test -->
