<?xml version="1.0" encoding="UTF-8"?>
<!-- Generated by org.testng.reporters.JUnitReportReporter -->
<testsuite hostname="BiswaranjanD-PC" name="com.loylty.mobileautomation.campaign.Campaign_Test" tests="1" failures="0" timestamp="27 Feb 2018 05:24:57 GMT" time="68.765" errors="0">
  <testcase name="checkCSpanelCustomschedule" time="68.765" classname="com.loylty.mobileautomation.campaign.Campaign_Test"/>
</testsuite> <!-- com.loylty.mobileautomation.campaign.Campaign_Test -->
