<?xml version="1.0" encoding="UTF-8"?>
<!-- Generated by org.testng.reporters.JUnitReportReporter -->
<testsuite hostname="BiswaranjanD-PC" name="com.loylty.mobileautomation.testcases.Dena_Test" tests="1" failures="0" timestamp="23 Feb 2018 12:29:46 GMT" time="152.518" errors="0">
  <testcase name="forgotpassword_DENA" time="152.518" classname="com.loylty.mobileautomation.testcases.Dena_Test"/>
</testsuite> <!-- com.loylty.mobileautomation.testcases.Dena_Test -->
