<?xml version="1.0" encoding="UTF-8"?>
<!-- Generated by org.testng.reporters.JUnitReportReporter -->
<testsuite hostname="BiswaranjanD-PC" name="com.ebay.test.FarmRise_Test" tests="2" failures="0" timestamp="27 Feb 2019 10:49:01 GMT" time="167.347" errors="0">
  <testcase name="checkGovtSchemes" time="71.937" classname="com.ebay.test.FarmRise_Test"/>
  <testcase name="checkWeatherTime" time="95.410" classname="com.ebay.test.FarmRise_Test"/>
</testsuite> <!-- com.ebay.test.FarmRise_Test -->
