<?xml version="1.0" encoding="UTF-8"?>
<!-- Generated by org.testng.reporters.JUnitReportReporter -->
<testsuite hostname="BiswaranjanD-PC" name="com.loylty.mobileautomation.test1.Test1234" tests="1" failures="0" timestamp="31 Oct 2017 11:25:46 GMT" time="0.000" errors="0">
  <testcase name="M5" time="0.000" classname="com.loylty.mobileautomation.test1.Test1234"/>
</testsuite> <!-- com.loylty.mobileautomation.test1.Test1234 -->
