<?xml version="1.0" encoding="UTF-8"?>
<!-- Generated by org.testng.reporters.JUnitReportReporter -->
<testsuite hostname="BiswaranjanD-PC" name="com.loylty.mobileautomation.testcases.Mpoint_B_Test" tests="1" failures="0" timestamp="8 Jan 2018 06:36:50 GMT" time="248.671" errors="0">
  <testcase name="storeMangement_MPOINT_B" time="248.671" classname="com.loylty.mobileautomation.testcases.Mpoint_B_Test"/>
</testsuite> <!-- com.loylty.mobileautomation.testcases.Mpoint_B_Test -->
