<?xml version="1.0" encoding="UTF-8"?>
<!-- Generated by org.testng.reporters.JUnitReportReporter -->
<testsuite hostname="BiswaranjanD-PC" name="com.parknow.test.Park_Now_Test" tests="1" failures="0" timestamp="19 Jul 2018 09:03:08 GMT" time="68.749" errors="0">
  <testcase name="login_ParkNow" time="68.749" classname="com.parknow.test.Park_Now_Test"/>
</testsuite> <!-- com.parknow.test.Park_Now_Test -->
